#
# There is insufficient memory for the Java Runtime Environment to continue.
# Native memory allocation (malloc) failed to allocate 1848192 bytes. Error detail: Chunk::new
# Possible reasons:
#   The system is out of physical RAM or swap space
#   This process is running with CompressedOops enabled, and the Java Heap may be blocking the growth of the native heap
# Possible solutions:
#   Reduce memory load on the system
#   Increase physical memory or swap space
#   Check if swap backing store is full
#   Decrease Java heap size (-Xmx/-Xms)
#   Decrease number of Java threads
#   Decrease Java thread stack sizes (-Xss)
#   Set larger code cache with -XX:ReservedCodeCacheSize=
#   JVM is running with Unscaled Compressed Oops mode in which the Java heap is
#     placed in the first 4GB address space. The Java Heap base address is the
#     maximum limit for the native heap growth. Please use -XX:HeapBaseMinAddress
#     to set the Java Heap base and to place the Java Heap above 4GB virtual address.
# This output file may be truncated or incomplete.
#
#  Out of Memory Error (arena.cpp:168), pid=3444, tid=2348
#
# JRE version: OpenJDK Runtime Environment (21.0.5) (build 21.0.5+-12932927-b750.29)
# Java VM: OpenJDK 64-Bit Server VM (21.0.5+-12932927-b750.29, mixed mode, tiered, compressed oops, compressed class ptrs, g1 gc, windows-amd64)
# No core dump will be written. Minidumps are not enabled by default on client versions of Windows
#

---------------  S U M M A R Y ------------

Command Line: org.jetbrains.kotlin.cli.jvm.K2JVMCompiler @C:\Users\DELL\AndroidStudioProjects\SENAC-PE-ProjetoPI-Grupo4\app\build\20250501_5954075850729149043.compiler.options

Host: Intel(R) Core(TM) i5-4210U CPU @ 1.70GHz, 4 cores, 3G,  Windows 10 , 64 bit Build 19041 (10.0.19041.5678)
Time: Thu May  1 02:55:03 2025 Hora oficial do Brasil elapsed time: 22.748514 seconds (0d 0h 0m 22s)

---------------  T H R E A D  ---------------

Current thread (0x000001d86c389b10):  JavaThread "C2 CompilerThread0" daemon [_thread_in_native, id=2348, stack(0x0000004ed8600000,0x0000004ed8700000) (1024K)]


Current CompileTask:
C2:22748 5625       4       java.lang.ClassLoader::loadClass (7 bytes)

Stack: [0x0000004ed8600000,0x0000004ed8700000]
Native frames: (J=compiled Java code, j=interpreted, Vv=VM code, C=native code)
V  [jvm.dll+0x6cfb29]
V  [jvm.dll+0x85ded3]
V  [jvm.dll+0x86042e]
V  [jvm.dll+0x860b13]
V  [jvm.dll+0x27e6b6]
V  [jvm.dll+0xbff6d]
V  [jvm.dll+0xc04a3]
V  [jvm.dll+0x3b5ffb]
V  [jvm.dll+0x1de852]
V  [jvm.dll+0x247db4]
V  [jvm.dll+0x247231]
V  [jvm.dll+0x1c5ee4]
V  [jvm.dll+0x25697c]
V  [jvm.dll+0x254ec6]
V  [jvm.dll+0x3f0ce6]
V  [jvm.dll+0x806368]
V  [jvm.dll+0x6ce3fd]
C  [ucrtbase.dll+0x21bb2]
C  [KERNEL32.DLL+0x17374]
C  [ntdll.dll+0x4cc91]


---------------  P R O C E S S  ---------------

Threads class SMR info:
_java_thread_list=0x000001d86c764ed0, length=11, elements={
0x000001d854840810, 0x000001d86c37b040, 0x000001d86c37c230, 0x000001d86c395970,
0x000001d86c3963c0, 0x000001d86c3975b0, 0x000001d86c382bf0, 0x000001d86c389b10,
0x000001d86c38ad40, 0x000001d86c77fbb0, 0x000001d86c78d8f0
}

Java Threads: ( => current thread )
  0x000001d854840810 JavaThread "main"                              [_thread_in_Java, id=2884, stack(0x0000004ed7800000,0x0000004ed7900000) (1024K)]
  0x000001d86c37b040 JavaThread "Reference Handler"          daemon [_thread_blocked, id=12488, stack(0x0000004ed8000000,0x0000004ed8100000) (1024K)]
  0x000001d86c37c230 JavaThread "Finalizer"                  daemon [_thread_blocked, id=8620, stack(0x0000004ed8100000,0x0000004ed8200000) (1024K)]
  0x000001d86c395970 JavaThread "Signal Dispatcher"          daemon [_thread_blocked, id=14884, stack(0x0000004ed8200000,0x0000004ed8300000) (1024K)]
  0x000001d86c3963c0 JavaThread "Attach Listener"            daemon [_thread_blocked, id=10832, stack(0x0000004ed8300000,0x0000004ed8400000) (1024K)]
  0x000001d86c3975b0 JavaThread "Service Thread"             daemon [_thread_blocked, id=7768, stack(0x0000004ed8400000,0x0000004ed8500000) (1024K)]
  0x000001d86c382bf0 JavaThread "Monitor Deflation Thread"   daemon [_thread_blocked, id=4400, stack(0x0000004ed8500000,0x0000004ed8600000) (1024K)]
=>0x000001d86c389b10 JavaThread "C2 CompilerThread0"         daemon [_thread_in_native, id=2348, stack(0x0000004ed8600000,0x0000004ed8700000) (1024K)]
  0x000001d86c38ad40 JavaThread "C1 CompilerThread0"         daemon [_thread_blocked, id=14816, stack(0x0000004ed8700000,0x0000004ed8800000) (1024K)]
  0x000001d86c77fbb0 JavaThread "Notification Thread"        daemon [_thread_blocked, id=11312, stack(0x0000004ed8800000,0x0000004ed8900000) (1024K)]
  0x000001d86c78d8f0 JavaThread "Common-Cleaner"             daemon [_thread_blocked, id=8856, stack(0x0000004ed8900000,0x0000004ed8a00000) (1024K)]
Total: 11

Other Threads:
  0x000001d85481abf0 VMThread "VM Thread"                           [id=14844, stack(0x0000004ed7f00000,0x0000004ed8000000) (1024K)]
  0x000001d86c2bcc70 WatcherThread "VM Periodic Task Thread"        [id=15264, stack(0x0000004ed7e00000,0x0000004ed7f00000) (1024K)]
  0x000001d85481a850 WorkerThread "GC Thread#0"                     [id=15732, stack(0x0000004ed7900000,0x0000004ed7a00000) (1024K)]
  0x000001d8548199d0 WorkerThread "GC Thread#1"                     [id=5380, stack(0x0000004ed8a00000,0x0000004ed8b00000) (1024K)]
  0x000001d8713deee0 WorkerThread "GC Thread#2"                     [id=15412, stack(0x0000004ed8b00000,0x0000004ed8c00000) (1024K)]
  0x000001d8713e0f80 WorkerThread "GC Thread#3"                     [id=17088, stack(0x0000004ed8c00000,0x0000004ed8d00000) (1024K)]
  0x000001d85699c2c0 ConcurrentGCThread "G1 Main Marker"            [id=4556, stack(0x0000004ed7a00000,0x0000004ed7b00000) (1024K)]
  0x000001d85481a4b0 WorkerThread "G1 Conc#0"                       [id=9352, stack(0x0000004ed7b00000,0x0000004ed7c00000) (1024K)]
  0x000001d8569f8ea0 ConcurrentGCThread "G1 Refine#0"               [id=6176, stack(0x0000004ed7c00000,0x0000004ed7d00000) (1024K)]
  0x000001d8569fa930 ConcurrentGCThread "G1 Service"                [id=11832, stack(0x0000004ed7d00000,0x0000004ed7e00000) (1024K)]
Total: 10

Threads with active compile tasks:
C2 CompilerThread0  22834 5625       4       java.lang.ClassLoader::loadClass (7 bytes)
Total: 1

VM state: not at safepoint (normal execution)

VM Mutex/Monitor currently owned by a thread: None

Heap address: 0x00000000c1600000, size: 1002 MB, Compressed Oops mode: 32-bit

CDS archive(s) not mapped
Compressed class space mapped at: 0x0000000100000000-0x0000000140000000, reserved size: 1073741824
Narrow klass base: 0x0000000000000000, Narrow klass shift: 3, Narrow klass range: 0x140000000

GC Precious Log:
 CardTable entry size: 512
 Card Set container configuration: InlinePtr #cards 5 size 8 Array Of Cards #cards 12 size 40 Howl #buckets 4 coarsen threshold 1843 Howl Bitmap #cards 512 size 80 coarsen threshold 460 Card regions per heap region 1 cards per card region 2048
 CPUs: 4 total, 4 available
 Memory: 4001M
 Large Page Support: Disabled
 NUMA Support: Disabled
 Compressed Oops: Enabled (32-bit)
 Heap Region Size: 1M
 Heap Min Capacity: 8M
 Heap Initial Capacity: 64M
 Heap Max Capacity: 1002M
 Pre-touch: Disabled
 Parallel Workers: 4
 Concurrent Workers: 1
 Concurrent Refinement Workers: 4
 Periodic GC: Disabled

Heap:
 garbage-first heap   total 58368K, used 47760K [0x00000000c1600000, 0x0000000100000000)
  region size 1024K, 15 young (15360K), 2 survivors (2048K)
 Metaspace       used 59352K, committed 60160K, reserved 1114112K
  class space    used 7006K, committed 7360K, reserved 1048576K

Heap Regions: E=young(eden), S=young(survivor), O=old, HS=humongous(starts), HC=humongous(continues), CS=collection set, F=free, TAMS=top-at-mark-start, PB=parsable bottom
|   0|0x00000000c1600000, 0x00000000c1700000, 0x00000000c1700000|100%|HS|  |TAMS 0x00000000c1600000| PB 0x00000000c1600000| Complete 
|   1|0x00000000c1700000, 0x00000000c1800000, 0x00000000c1800000|100%|HC|  |TAMS 0x00000000c1700000| PB 0x00000000c1700000| Complete 
|   2|0x00000000c1800000, 0x00000000c1900000, 0x00000000c1900000|100%|HC|  |TAMS 0x00000000c1800000| PB 0x00000000c1800000| Complete 
|   3|0x00000000c1900000, 0x00000000c1a00000, 0x00000000c1a00000|100%| O|  |TAMS 0x00000000c1900000| PB 0x00000000c1900000| Untracked 
|   4|0x00000000c1a00000, 0x00000000c1b00000, 0x00000000c1b00000|100%| O|  |TAMS 0x00000000c1a00000| PB 0x00000000c1a00000| Untracked 
|   5|0x00000000c1b00000, 0x00000000c1c00000, 0x00000000c1c00000|100%|HS|  |TAMS 0x00000000c1b00000| PB 0x00000000c1b00000| Complete 
|   6|0x00000000c1c00000, 0x00000000c1d00000, 0x00000000c1d00000|100%| O|  |TAMS 0x00000000c1c00000| PB 0x00000000c1c00000| Untracked 
|   7|0x00000000c1d00000, 0x00000000c1e00000, 0x00000000c1e00000|100%| O|  |TAMS 0x00000000c1d00000| PB 0x00000000c1d00000| Untracked 
|   8|0x00000000c1e00000, 0x00000000c1f00000, 0x00000000c1f00000|100%| O|  |TAMS 0x00000000c1e00000| PB 0x00000000c1e00000| Untracked 
|   9|0x00000000c1f00000, 0x00000000c2000000, 0x00000000c2000000|100%| O|  |TAMS 0x00000000c1f00000| PB 0x00000000c1f00000| Untracked 
|  10|0x00000000c2000000, 0x00000000c2100000, 0x00000000c2100000|100%| O|  |TAMS 0x00000000c2000000| PB 0x00000000c2000000| Untracked 
|  11|0x00000000c2100000, 0x00000000c2200000, 0x00000000c2200000|100%| O|  |TAMS 0x00000000c2100000| PB 0x00000000c2100000| Untracked 
|  12|0x00000000c2200000, 0x00000000c2300000, 0x00000000c2300000|100%| O|  |TAMS 0x00000000c2200000| PB 0x00000000c2200000| Untracked 
|  13|0x00000000c2300000, 0x00000000c2400000, 0x00000000c2400000|100%| O|  |TAMS 0x00000000c2300000| PB 0x00000000c2300000| Untracked 
|  14|0x00000000c2400000, 0x00000000c2500000, 0x00000000c2500000|100%| O|  |TAMS 0x00000000c2400000| PB 0x00000000c2400000| Untracked 
|  15|0x00000000c2500000, 0x00000000c2600000, 0x00000000c2600000|100%| O|  |TAMS 0x00000000c2500000| PB 0x00000000c2500000| Untracked 
|  16|0x00000000c2600000, 0x00000000c2700000, 0x00000000c2700000|100%| O|  |TAMS 0x00000000c2600000| PB 0x00000000c2600000| Untracked 
|  17|0x00000000c2700000, 0x00000000c2800000, 0x00000000c2800000|100%| O|  |TAMS 0x00000000c2700000| PB 0x00000000c2700000| Untracked 
|  18|0x00000000c2800000, 0x00000000c2900000, 0x00000000c2900000|100%| O|  |TAMS 0x00000000c2800000| PB 0x00000000c2800000| Untracked 
|  19|0x00000000c2900000, 0x00000000c2a00000, 0x00000000c2a00000|100%| O|  |TAMS 0x00000000c2900000| PB 0x00000000c2900000| Untracked 
|  20|0x00000000c2a00000, 0x00000000c2b00000, 0x00000000c2b00000|100%| O|  |TAMS 0x00000000c2a00000| PB 0x00000000c2a00000| Untracked 
|  21|0x00000000c2b00000, 0x00000000c2c00000, 0x00000000c2c00000|100%| O|  |TAMS 0x00000000c2b00000| PB 0x00000000c2b00000| Untracked 
|  22|0x00000000c2c00000, 0x00000000c2d00000, 0x00000000c2d00000|100%|HS|  |TAMS 0x00000000c2c00000| PB 0x00000000c2c00000| Complete 
|  23|0x00000000c2d00000, 0x00000000c2e00000, 0x00000000c2e00000|100%|HC|  |TAMS 0x00000000c2d00000| PB 0x00000000c2d00000| Complete 
|  24|0x00000000c2e00000, 0x00000000c2f00000, 0x00000000c2f00000|100%| O|  |TAMS 0x00000000c2e00000| PB 0x00000000c2e00000| Untracked 
|  25|0x00000000c2f00000, 0x00000000c3000000, 0x00000000c3000000|100%| O|  |TAMS 0x00000000c2f00000| PB 0x00000000c2f00000| Untracked 
|  26|0x00000000c3000000, 0x00000000c3100000, 0x00000000c3100000|100%| O|  |TAMS 0x00000000c3000000| PB 0x00000000c3000000| Untracked 
|  27|0x00000000c3100000, 0x00000000c3200000, 0x00000000c3200000|100%| O|  |TAMS 0x00000000c3100000| PB 0x00000000c3100000| Untracked 
|  28|0x00000000c3200000, 0x00000000c3300000, 0x00000000c3300000|100%| O|  |TAMS 0x00000000c3200000| PB 0x00000000c3200000| Untracked 
|  29|0x00000000c3300000, 0x00000000c3400000, 0x00000000c3400000|100%| O|  |TAMS 0x00000000c3300000| PB 0x00000000c3300000| Untracked 
|  30|0x00000000c3400000, 0x00000000c3500000, 0x00000000c3500000|100%| O|  |TAMS 0x00000000c3400000| PB 0x00000000c3400000| Untracked 
|  31|0x00000000c3500000, 0x00000000c3600000, 0x00000000c3600000|100%| O|  |TAMS 0x00000000c3500000| PB 0x00000000c3500000| Untracked 
|  32|0x00000000c3600000, 0x00000000c36800d0, 0x00000000c3700000| 50%| O|  |TAMS 0x00000000c3600000| PB 0x00000000c3600000| Untracked 
|  33|0x00000000c3700000, 0x00000000c3700000, 0x00000000c3800000|  0%| F|  |TAMS 0x00000000c3700000| PB 0x00000000c3700000| Untracked 
|  34|0x00000000c3800000, 0x00000000c3900000, 0x00000000c3900000|100%| O|Cm|TAMS 0x00000000c3800000| PB 0x00000000c3800000| Complete 
|  35|0x00000000c3900000, 0x00000000c3900000, 0x00000000c3a00000|  0%| F|  |TAMS 0x00000000c3900000| PB 0x00000000c3900000| Untracked 
|  36|0x00000000c3a00000, 0x00000000c3a00000, 0x00000000c3b00000|  0%| F|  |TAMS 0x00000000c3a00000| PB 0x00000000c3a00000| Untracked 
|  37|0x00000000c3b00000, 0x00000000c3b00000, 0x00000000c3c00000|  0%| F|  |TAMS 0x00000000c3b00000| PB 0x00000000c3b00000| Untracked 
|  38|0x00000000c3c00000, 0x00000000c3c00000, 0x00000000c3d00000|  0%| F|  |TAMS 0x00000000c3c00000| PB 0x00000000c3c00000| Untracked 
|  39|0x00000000c3d00000, 0x00000000c3d00000, 0x00000000c3e00000|  0%| F|  |TAMS 0x00000000c3d00000| PB 0x00000000c3d00000| Untracked 
|  40|0x00000000c3e00000, 0x00000000c3e00000, 0x00000000c3f00000|  0%| F|  |TAMS 0x00000000c3e00000| PB 0x00000000c3e00000| Untracked 
|  41|0x00000000c3f00000, 0x00000000c3f00000, 0x00000000c4000000|  0%| F|  |TAMS 0x00000000c3f00000| PB 0x00000000c3f00000| Untracked 
|  42|0x00000000c4000000, 0x00000000c4023fc8, 0x00000000c4100000| 14%| S|CS|TAMS 0x00000000c4000000| PB 0x00000000c4000000| Complete 
|  43|0x00000000c4100000, 0x00000000c4200000, 0x00000000c4200000|100%| S|CS|TAMS 0x00000000c4100000| PB 0x00000000c4100000| Complete 
|  44|0x00000000c4200000, 0x00000000c42423c8, 0x00000000c4300000| 25%| E|  |TAMS 0x00000000c4200000| PB 0x00000000c4200000| Complete 
|  45|0x00000000c4300000, 0x00000000c4400000, 0x00000000c4400000|100%| E|CS|TAMS 0x00000000c4300000| PB 0x00000000c4300000| Complete 
|  46|0x00000000c4400000, 0x00000000c4500000, 0x00000000c4500000|100%| E|CS|TAMS 0x00000000c4400000| PB 0x00000000c4400000| Complete 
|  47|0x00000000c4500000, 0x00000000c4600000, 0x00000000c4600000|100%| E|CS|TAMS 0x00000000c4500000| PB 0x00000000c4500000| Complete 
|  48|0x00000000c4600000, 0x00000000c4700000, 0x00000000c4700000|100%| E|CS|TAMS 0x00000000c4600000| PB 0x00000000c4600000| Complete 
|  49|0x00000000c4700000, 0x00000000c4800000, 0x00000000c4800000|100%| E|CS|TAMS 0x00000000c4700000| PB 0x00000000c4700000| Complete 
|  50|0x00000000c4800000, 0x00000000c4900000, 0x00000000c4900000|100%| E|CS|TAMS 0x00000000c4800000| PB 0x00000000c4800000| Complete 
|  51|0x00000000c4900000, 0x00000000c4a00000, 0x00000000c4a00000|100%| E|CS|TAMS 0x00000000c4900000| PB 0x00000000c4900000| Complete 
|  52|0x00000000c4a00000, 0x00000000c4b00000, 0x00000000c4b00000|100%| E|CS|TAMS 0x00000000c4a00000| PB 0x00000000c4a00000| Complete 
|  53|0x00000000c4b00000, 0x00000000c4c00000, 0x00000000c4c00000|100%| E|CS|TAMS 0x00000000c4b00000| PB 0x00000000c4b00000| Complete 
|  54|0x00000000c4c00000, 0x00000000c4d00000, 0x00000000c4d00000|100%| E|CS|TAMS 0x00000000c4c00000| PB 0x00000000c4c00000| Complete 
|  63|0x00000000c5500000, 0x00000000c5600000, 0x00000000c5600000|100%| E|CS|TAMS 0x00000000c5500000| PB 0x00000000c5500000| Complete 
|1001|0x00000000fff00000, 0x0000000100000000, 0x0000000100000000|100%| E|CS|TAMS 0x00000000fff00000| PB 0x00000000fff00000| Complete 

Card table byte_map: [0x000001d868cc0000,0x000001d868ec0000] _byte_map_base: 0x000001d8686b5000

Marking Bits: (CMBitMap*) 0x000001d856992b80
 Bits: [0x000001d868ec0000, 0x000001d869e68000)

Polling page: 0x000001d856130000

Metaspace:

Usage:
  Non-class:     51.12 MB used.
      Class:      6.84 MB used.
       Both:     57.96 MB used.

Virtual space:
  Non-class space:       64.00 MB reserved,      51.56 MB ( 81%) committed,  1 nodes.
      Class space:        1.00 GB reserved,       7.19 MB ( <1%) committed,  1 nodes.
             Both:        1.06 GB reserved,      58.75 MB (  5%) committed. 

Chunk freelists:
   Non-Class:  12.17 MB
       Class:  8.84 MB
        Both:  21.02 MB

MaxMetaspaceSize: unlimited
CompressedClassSpaceSize: 1.00 GB
Initial GC threshold: 21.00 MB
Current GC threshold: 92.19 MB
CDS: off
 - commit_granule_bytes: 65536.
 - commit_granule_words: 8192.
 - virtual_space_node_default_size: 8388608.
 - enlarge_chunks_in_place: 1.
 - use_allocation_guard: 0.


Internal statistics:

num_allocs_failed_limit: 6.
num_arena_births: 1284.
num_arena_deaths: 0.
num_vsnodes_births: 2.
num_vsnodes_deaths: 0.
num_space_committed: 938.
num_space_uncommitted: 0.
num_chunks_returned_to_freelist: 6.
num_chunks_taken_from_freelist: 3302.
num_chunk_merges: 6.
num_chunk_splits: 2442.
num_chunks_enlarged: 1856.
num_inconsistent_stats: 0.

CodeHeap 'non-profiled nmethods': size=120000Kb used=2281Kb max_used=2281Kb free=117718Kb
 bounds [0x000001d861590000, 0x000001d861800000, 0x000001d868ac0000]
CodeHeap 'profiled nmethods': size=120000Kb used=10743Kb max_used=10743Kb free=109257Kb
 bounds [0x000001d859ac0000, 0x000001d85a540000, 0x000001d860ff0000]
CodeHeap 'non-nmethods': size=5760Kb used=1589Kb max_used=1623Kb free=4170Kb
 bounds [0x000001d860ff0000, 0x000001d861260000, 0x000001d861590000]
 total_blobs=5675 nmethods=5024 adapters=554
 compilation: enabled
              stopped_count=0, restarted_count=0
 full_count=0

Compilation events (20 events):
Event: 22.665 Thread 0x000001d86c38ad40 5654       1       org.jetbrains.kotlin.resolve.calls.inference.model.InitialConstraint::getA (5 bytes)
Event: 22.665 Thread 0x000001d86c38ad40 nmethod 5654 0x000001d8617c9890 code [0x000001d8617c9a20, 0x000001d8617c9ae8]
Event: 22.665 Thread 0x000001d86c38ad40 5655       1       org.jetbrains.kotlin.resolve.calls.inference.model.InitialConstraint::getB (5 bytes)
Event: 22.665 Thread 0x000001d86c38ad40 nmethod 5655 0x000001d8617c9b90 code [0x000001d8617c9d20, 0x000001d8617c9de8]
Event: 22.666 Thread 0x000001d86c38ad40 5656       3       org.jetbrains.kotlin.resolve.calls.inference.model.NewConstraintSystemImpl::asConstraintSystemCompleterContext (8 bytes)
Event: 22.666 Thread 0x000001d86c38ad40 nmethod 5656 0x000001d85a525890 code [0x000001d85a525a40, 0x000001d85a525b78]
Event: 22.666 Thread 0x000001d86c38ad40 5657       3       org.jetbrains.kotlin.resolve.calls.model.ResolvedAtom::<init> (5 bytes)
Event: 22.666 Thread 0x000001d86c38ad40 nmethod 5657 0x000001d85a525c10 code [0x000001d85a525dc0, 0x000001d85a525f88]
Event: 22.671 Thread 0x000001d86c38ad40 5658       3       org.jetbrains.kotlin.resolve.calls.tower.NewAbstractResolvedCall::getValueArguments (24 bytes)
Event: 22.672 Thread 0x000001d86c38ad40 nmethod 5658 0x000001d85a526090 code [0x000001d85a5262c0, 0x000001d85a5268d8]
Event: 22.674 Thread 0x000001d86c38ad40 5659       3       javaslang.collection.HashMap::get (11 bytes)
Event: 22.674 Thread 0x000001d86c38ad40 nmethod 5659 0x000001d85a526b10 code [0x000001d85a526ce0, 0x000001d85a527138]
Event: 22.675 Thread 0x000001d86c38ad40 5660       3       javaslang.control.Option::getOrElse (20 bytes)
Event: 22.676 Thread 0x000001d86c38ad40 nmethod 5660 0x000001d85a527310 code [0x000001d85a5274e0, 0x000001d85a5277b8]
Event: 22.680 Thread 0x000001d86c38ad40 5661       3       org.jetbrains.kotlin.resolve.calls.util.CallUtilKt::getCall (227 bytes)
Event: 22.684 Thread 0x000001d86c38ad40 nmethod 5661 0x000001d85a527890 code [0x000001d85a527f40, 0x000001d85a52bba0]
Event: 22.684 Thread 0x000001d86c38ad40 5662       3       org.jetbrains.kotlin.resolve.calls.tower.NewResolvedCallImpl::getStatus (11 bytes)
Event: 22.684 Thread 0x000001d86c38ad40 nmethod 5662 0x000001d85a52cb10 code [0x000001d85a52ccc0, 0x000001d85a52ce48]
Event: 22.684 Thread 0x000001d86c38ad40 5663       3       org.jetbrains.kotlin.resolve.calls.util.ResolvedCallUtilKt::toResolutionStatus (74 bytes)
Event: 22.685 Thread 0x000001d86c38ad40 nmethod 5663 0x000001d85a52cf10 code [0x000001d85a52d160, 0x000001d85a52d898]

GC Heap History (20 events):
Event: 14.850 GC heap before
{Heap before GC invocations=10 (full 0):
 garbage-first heap   total 39936K, used 32101K [0x00000000c1600000, 0x0000000100000000)
  region size 1024K, 17 young (17408K), 2 survivors (2048K)
 Metaspace       used 42092K, committed 42432K, reserved 1114112K
  class space    used 4974K, committed 5120K, reserved 1048576K
}
Event: 14.861 GC heap after
{Heap after GC invocations=11 (full 0):
 garbage-first heap   total 39936K, used 18768K [0x00000000c1600000, 0x0000000100000000)
  region size 1024K, 2 young (2048K), 2 survivors (2048K)
 Metaspace       used 42092K, committed 42432K, reserved 1114112K
  class space    used 4974K, committed 5120K, reserved 1048576K
}
Event: 15.418 GC heap before
{Heap before GC invocations=11 (full 0):
 garbage-first heap   total 39936K, used 34128K [0x00000000c1600000, 0x0000000100000000)
  region size 1024K, 17 young (17408K), 2 survivors (2048K)
 Metaspace       used 44243K, committed 44992K, reserved 1114112K
  class space    used 5317K, committed 5696K, reserved 1048576K
}
Event: 15.427 GC heap after
{Heap after GC invocations=12 (full 0):
 garbage-first heap   total 39936K, used 20107K [0x00000000c1600000, 0x0000000100000000)
  region size 1024K, 3 young (3072K), 3 survivors (3072K)
 Metaspace       used 44243K, committed 44992K, reserved 1114112K
  class space    used 5317K, committed 5696K, reserved 1048576K
}
Event: 16.511 GC heap before
{Heap before GC invocations=12 (full 0):
 garbage-first heap   total 39936K, used 33419K [0x00000000c1600000, 0x0000000100000000)
  region size 1024K, 16 young (16384K), 3 survivors (3072K)
 Metaspace       used 47628K, committed 48320K, reserved 1114112K
  class space    used 5672K, committed 6016K, reserved 1048576K
}
Event: 16.524 GC heap after
{Heap after GC invocations=13 (full 0):
 garbage-first heap   total 39936K, used 21896K [0x00000000c1600000, 0x0000000100000000)
  region size 1024K, 2 young (2048K), 2 survivors (2048K)
 Metaspace       used 47628K, committed 48320K, reserved 1114112K
  class space    used 5672K, committed 6016K, reserved 1048576K
}
Event: 16.793 GC heap before
{Heap before GC invocations=13 (full 0):
 garbage-first heap   total 39936K, used 25992K [0x00000000c1600000, 0x0000000100000000)
  region size 1024K, 8 young (8192K), 2 survivors (2048K)
 Metaspace       used 48794K, committed 49536K, reserved 1114112K
  class space    used 5799K, committed 6144K, reserved 1048576K
}
Event: 16.801 GC heap after
{Heap after GC invocations=14 (full 0):
 garbage-first heap   total 48128K, used 22782K [0x00000000c1600000, 0x0000000100000000)
  region size 1024K, 1 young (1024K), 1 survivors (1024K)
 Metaspace       used 48794K, committed 49536K, reserved 1114112K
  class space    used 5799K, committed 6144K, reserved 1048576K
}
Event: 17.537 GC heap before
{Heap before GC invocations=15 (full 0):
 garbage-first heap   total 48128K, used 42238K [0x00000000c1600000, 0x0000000100000000)
  region size 1024K, 19 young (19456K), 1 survivors (1024K)
 Metaspace       used 51048K, committed 51776K, reserved 1114112K
  class space    used 6064K, committed 6400K, reserved 1048576K
}
Event: 17.549 GC heap after
{Heap after GC invocations=16 (full 0):
 garbage-first heap   total 48128K, used 28480K [0x00000000c1600000, 0x0000000100000000)
  region size 1024K, 3 young (3072K), 3 survivors (3072K)
 Metaspace       used 51048K, committed 51776K, reserved 1114112K
  class space    used 6064K, committed 6400K, reserved 1048576K
}
Event: 18.357 GC heap before
{Heap before GC invocations=16 (full 0):
 garbage-first heap   total 48128K, used 40768K [0x00000000c1600000, 0x0000000100000000)
  region size 1024K, 16 young (16384K), 3 survivors (3072K)
 Metaspace       used 53094K, committed 53824K, reserved 1114112K
  class space    used 6304K, committed 6656K, reserved 1048576K
}
Event: 18.374 GC heap after
{Heap after GC invocations=17 (full 0):
 garbage-first heap   total 48128K, used 31302K [0x00000000c1600000, 0x0000000100000000)
  region size 1024K, 2 young (2048K), 2 survivors (2048K)
 Metaspace       used 53094K, committed 53824K, reserved 1114112K
  class space    used 6304K, committed 6656K, reserved 1048576K
}
Event: 18.497 GC heap before
{Heap before GC invocations=18 (full 0):
 garbage-first heap   total 55296K, used 41542K [0x00000000c1600000, 0x0000000100000000)
  region size 1024K, 12 young (12288K), 2 survivors (2048K)
 Metaspace       used 53115K, committed 53888K, reserved 1114112K
  class space    used 6304K, committed 6656K, reserved 1048576K
}
Event: 18.509 GC heap after
{Heap after GC invocations=19 (full 0):
 garbage-first heap   total 55296K, used 34625K [0x00000000c1600000, 0x0000000100000000)
  region size 1024K, 2 young (2048K), 2 survivors (2048K)
 Metaspace       used 53115K, committed 53888K, reserved 1114112K
  class space    used 6304K, committed 6656K, reserved 1048576K
}
Event: 18.645 GC heap before
{Heap before GC invocations=19 (full 0):
 garbage-first heap   total 55296K, used 46913K [0x00000000c1600000, 0x0000000100000000)
  region size 1024K, 14 young (14336K), 2 survivors (2048K)
 Metaspace       used 53164K, committed 53888K, reserved 1114112K
  class space    used 6308K, committed 6656K, reserved 1048576K
}
Event: 18.652 GC heap after
{Heap after GC invocations=20 (full 0):
 garbage-first heap   total 55296K, used 33605K [0x00000000c1600000, 0x0000000100000000)
  region size 1024K, 1 young (1024K), 1 survivors (1024K)
 Metaspace       used 53164K, committed 53888K, reserved 1114112K
  class space    used 6308K, committed 6656K, reserved 1048576K
}
Event: 19.392 GC heap before
{Heap before GC invocations=20 (full 0):
 garbage-first heap   total 55296K, used 45893K [0x00000000c1600000, 0x0000000100000000)
  region size 1024K, 14 young (14336K), 1 survivors (1024K)
 Metaspace       used 55884K, committed 56640K, reserved 1114112K
  class space    used 6620K, committed 6976K, reserved 1048576K
}
Event: 19.401 GC heap after
{Heap after GC invocations=21 (full 0):
 garbage-first heap   total 55296K, used 34861K [0x00000000c1600000, 0x0000000100000000)
  region size 1024K, 2 young (2048K), 2 survivors (2048K)
 Metaspace       used 55884K, committed 56640K, reserved 1114112K
  class space    used 6620K, committed 6976K, reserved 1048576K
}
Event: 20.490 GC heap before
{Heap before GC invocations=22 (full 0):
 garbage-first heap   total 58368K, used 46848K [0x00000000c1600000, 0x0000000100000000)
  region size 1024K, 15 young (15360K), 2 survivors (2048K)
 Metaspace       used 57114K, committed 57856K, reserved 1114112K
  class space    used 6769K, committed 7104K, reserved 1048576K
}
Event: 20.500 GC heap after
{Heap after GC invocations=23 (full 0):
 garbage-first heap   total 58368K, used 35472K [0x00000000c1600000, 0x0000000100000000)
  region size 1024K, 2 young (2048K), 2 survivors (2048K)
 Metaspace       used 57114K, committed 57856K, reserved 1114112K
  class space    used 6769K, committed 7104K, reserved 1048576K
}

Dll operation events (3 events):
Event: 0.017 Loaded shared library C:\Program Files\Android\Android Studio\jbr\bin\java.dll
Event: 0.028 Loaded shared library C:\Program Files\Android\Android Studio\jbr\bin\zip.dll
Event: 5.668 Loaded shared library C:\Program Files\Android\Android Studio\jbr\bin\verify.dll

Deoptimization events (20 events):
Event: 21.675 Thread 0x000001d854840810 Uncommon trap: trap_request=0xffffffc6 fr.pc=0x000001d8617a4420 relative=0x0000000000000500
Event: 21.675 Thread 0x000001d854840810 Uncommon trap: reason=bimorphic_or_optimized_type_check action=maybe_recompile pc=0x000001d8617a4420 method=java.util.Collections$UnmodifiableMap.get(Ljava/lang/Object;)Ljava/lang/Object; @ 5 c2
Event: 21.675 Thread 0x000001d854840810 DEOPT PACKING pc=0x000001d8617a4420 sp=0x0000004ed78fb8a0
Event: 21.675 Thread 0x000001d854840810 DEOPT UNPACKING pc=0x000001d8610446a2 sp=0x0000004ed78fb838 mode 2
Event: 21.759 Thread 0x000001d854840810 Uncommon trap: trap_request=0xffffffc6 fr.pc=0x000001d8617a2a08 relative=0x0000000000000148
Event: 21.759 Thread 0x000001d854840810 Uncommon trap: reason=bimorphic_or_optimized_type_check action=maybe_recompile pc=0x000001d8617a2a08 method=org.jetbrains.kotlin.resolve.DescriptorUtils.isAnonymousObject(Lorg/jetbrains/kotlin/descriptors/DeclarationDescriptor;)Z @ 17 c2
Event: 21.759 Thread 0x000001d854840810 DEOPT PACKING pc=0x000001d8617a2a08 sp=0x0000004ed78fc160
Event: 21.759 Thread 0x000001d854840810 DEOPT UNPACKING pc=0x000001d8610446a2 sp=0x0000004ed78fc0f8 mode 2
Event: 21.851 Thread 0x000001d854840810 Uncommon trap: trap_request=0xffffffc6 fr.pc=0x000001d8617a2a08 relative=0x0000000000000148
Event: 21.851 Thread 0x000001d854840810 Uncommon trap: reason=bimorphic_or_optimized_type_check action=maybe_recompile pc=0x000001d8617a2a08 method=org.jetbrains.kotlin.resolve.DescriptorUtils.isAnonymousObject(Lorg/jetbrains/kotlin/descriptors/DeclarationDescriptor;)Z @ 17 c2
Event: 21.851 Thread 0x000001d854840810 DEOPT PACKING pc=0x000001d8617a2a08 sp=0x0000004ed78fc030
Event: 21.851 Thread 0x000001d854840810 DEOPT UNPACKING pc=0x000001d8610446a2 sp=0x0000004ed78fbfc8 mode 2
Event: 21.904 Thread 0x000001d854840810 Uncommon trap: trap_request=0xffffffc6 fr.pc=0x000001d8617a2a08 relative=0x0000000000000148
Event: 21.904 Thread 0x000001d854840810 Uncommon trap: reason=bimorphic_or_optimized_type_check action=maybe_recompile pc=0x000001d8617a2a08 method=org.jetbrains.kotlin.resolve.DescriptorUtils.isAnonymousObject(Lorg/jetbrains/kotlin/descriptors/DeclarationDescriptor;)Z @ 17 c2
Event: 21.904 Thread 0x000001d854840810 DEOPT PACKING pc=0x000001d8617a2a08 sp=0x0000004ed78fc900
Event: 21.904 Thread 0x000001d854840810 DEOPT UNPACKING pc=0x000001d8610446a2 sp=0x0000004ed78fc898 mode 2
Event: 22.054 Thread 0x000001d854840810 Uncommon trap: trap_request=0xffffff45 fr.pc=0x000001d8616f1d5c relative=0x000000000000043c
Event: 22.054 Thread 0x000001d854840810 Uncommon trap: reason=unstable_if action=reinterpret pc=0x000001d8616f1d5c method=org.jetbrains.kotlin.parsing.SemanticWhitespaceAwarePsiBuilderImpl.getJoinedTokenType(Lorg/jetbrains/kotlin/com/intellij/psi/tree/IElementType;I)Lorg/jetbrains/kotlin/com/in
Event: 22.054 Thread 0x000001d854840810 DEOPT PACKING pc=0x000001d8616f1d5c sp=0x0000004ed78f8d10
Event: 22.054 Thread 0x000001d854840810 DEOPT UNPACKING pc=0x000001d8610446a2 sp=0x0000004ed78f8c60 mode 2

Classes loaded (20 events):
Event: 18.718 Loading class java/util/stream/ReduceOps$AccumulatingSink done
Event: 18.718 Loading class java/util/stream/ReduceOps$Box
Event: 18.718 Loading class java/util/stream/ReduceOps$Box done
Event: 18.718 Loading class java/util/stream/ReduceOps$3ReducingSink done
Event: 18.718 Loading class java/util/stream/ReferencePipeline$2$1
Event: 18.718 Loading class java/util/stream/ReferencePipeline$2$1 done
Event: 18.718 Loading class java/util/stream/IntPipeline$1$1
Event: 18.718 Loading class java/util/stream/Sink$ChainedInt
Event: 18.718 Loading class java/util/stream/Sink$OfInt
Event: 18.718 Loading class java/util/stream/Sink$OfInt done
Event: 18.719 Loading class java/util/stream/Sink$ChainedInt done
Event: 18.719 Loading class java/util/stream/IntPipeline$1$1 done
Event: 18.826 Loading class java/util/RegularEnumSet$EnumSetIterator
Event: 18.826 Loading class java/util/RegularEnumSet$EnumSetIterator done
Event: 19.199 Loading class java/util/Collections$SynchronizedSet
Event: 19.199 Loading class java/util/Collections$SynchronizedCollection
Event: 19.199 Loading class java/util/Collections$SynchronizedCollection done
Event: 19.199 Loading class java/util/Collections$SynchronizedSet done
Event: 19.789 Loading class java/util/AbstractMap$SimpleImmutableEntry
Event: 19.789 Loading class java/util/AbstractMap$SimpleImmutableEntry done

Classes unloaded (0 events):
No events

Classes redefined (0 events):
No events

Internal exceptions (20 events):
Event: 15.217 Thread 0x000001d854840810 Exception <a 'java/lang/NoSuchMethodError'{0x00000000c34fae38}: 'java.lang.Object java.lang.invoke.DirectMethodHandle$Holder.newInvokeSpecial(java.lang.Object, java.lang.Object, java.lang.Object, java.lang.Object, java.lang.Object, java.lang.Object, java.lang.Object, java.lang.Object, java.lang.Object, java.lang.Object, java.lang.Object, java.lang.Object, java.lang.Object, java.lang.Object, java.lang.Object, java.lang.Object, java.lang.Object, java.lang.Object, java.lang.Object, java.lang.Object, java.lang
Event: 15.218 Thread 0x000001d854840810 Exception <a 'java/lang/NoSuchMethodError'{0x00000000c3301f48}: 'java.lang.Object java.lang.invoke.DirectMethodHandle$Holder.invokeSpecial(java.lang.Object, java.lang.Object, java.lang.Object, java.lang.Object, java.lang.Object, java.lang.Object, java.lang.Object, java.lang.Object, java.lang.Object, java.lang.Object, java.lang.Object, java.lang.Object, java.lang.Object, java.lang.Object, java.lang.Object, java.lang.Object, java.lang.Object, java.lang.Object, java.lang.Object, java.lang.Object, java.lang.Ob
Event: 15.218 Thread 0x000001d854840810 Exception <a 'java/lang/NoSuchMethodError'{0x00000000c33076c0}: 'java.lang.Object java.lang.invoke.DelegatingMethodHandle$Holder.reinvoke_L(java.lang.Object, java.lang.Object, java.lang.Object, java.lang.Object, java.lang.Object, java.lang.Object, java.lang.Object, java.lang.Object, java.lang.Object, java.lang.Object, java.lang.Object, java.lang.Object, java.lang.Object, java.lang.Object, java.lang.Object, java.lang.Object, java.lang.Object, java.lang.Object, java.lang.Object, java.lang.Object, java.lang.O
Event: 15.233 Thread 0x000001d854840810 Exception <a 'java/lang/NoSuchMethodError'{0x00000000c33d56f8}: 'java.lang.Object java.lang.invoke.DirectMethodHandle$Holder.invokeStatic(java.lang.Object, java.lang.Object, java.lang.Object, java.lang.Object, java.lang.Object, java.lang.Object, java.lang.Object, java.lang.Object, java.lang.Object, java.lang.Object, java.lang.Object, java.lang.Object, java.lang.Object, java.lang.Object, java.lang.Object, java.lang.Object, java.lang.Object, java.lang.Object, java.lang.Object, java.lang.Object, java.lang.Obj
Event: 15.236 Thread 0x000001d854840810 Exception <a 'java/lang/NoSuchMethodError'{0x00000000c32081b0}: 'java.lang.Object java.lang.invoke.DirectMethodHandle$Holder.invokeStatic(java.lang.Object, java.lang.Object, java.lang.Object, java.lang.Object, java.lang.Object, java.lang.Object, java.lang.Object, java.lang.Object, java.lang.Object, java.lang.Object, java.lang.Object, java.lang.Object, java.lang.Object, java.lang.Object, java.lang.Object, java.lang.Object, java.lang.Object, java.lang.Object, java.lang.Object, java.lang.Object, java.lang.Obj
Event: 15.252 Thread 0x000001d854840810 Exception <a 'java/lang/NoSuchMethodError'{0x00000000c3283cc0}: 'java.lang.Object java.lang.invoke.DirectMethodHandle$Holder.newInvokeSpecial(java.lang.Object, java.lang.Object, java.lang.Object, java.lang.Object, java.lang.Object, java.lang.Object, java.lang.Object, java.lang.Object, java.lang.Object, java.lang.Object, java.lang.Object, java.lang.Object, java.lang.Object)'> (0x00000000c3283cc0) 
thrown [s\src\hotspot\share\interpreter\linkResolver.cpp, line 784]
Event: 15.253 Thread 0x000001d854840810 Exception <a 'java/lang/NoSuchMethodError'{0x00000000c3288cd0}: 'java.lang.Object java.lang.invoke.DirectMethodHandle$Holder.invokeSpecial(java.lang.Object, java.lang.Object, java.lang.Object, java.lang.Object, java.lang.Object, java.lang.Object, java.lang.Object, java.lang.Object, java.lang.Object, java.lang.Object, java.lang.Object, java.lang.Object, java.lang.Object, java.lang.Object)'> (0x00000000c3288cd0) 
thrown [s\src\hotspot\share\interpreter\linkResolver.cpp, line 784]
Event: 15.253 Thread 0x000001d854840810 Exception <a 'java/lang/NoSuchMethodError'{0x00000000c328d220}: 'java.lang.Object java.lang.invoke.DelegatingMethodHandle$Holder.reinvoke_L(java.lang.Object, java.lang.Object, java.lang.Object, java.lang.Object, java.lang.Object, java.lang.Object, java.lang.Object, java.lang.Object, java.lang.Object, java.lang.Object, java.lang.Object, java.lang.Object, java.lang.Object)'> (0x00000000c328d220) 
thrown [s\src\hotspot\share\interpreter\linkResolver.cpp, line 784]
Event: 16.253 Thread 0x000001d854840810 Exception <a 'java/lang/NoSuchMethodError'{0x00000000c34989a0}: 'int java.lang.invoke.DirectMethodHandle$Holder.invokeVirtual(java.lang.Object, java.lang.Object)'> (0x00000000c34989a0) 
thrown [s\src\hotspot\share\interpreter\linkResolver.cpp, line 784]
Event: 16.613 Thread 0x000001d854840810 Exception <a 'java/lang/NoSuchMethodError'{0x00000000c4806588}: 'java.lang.Object java.lang.invoke.DirectMethodHandle$Holder.newInvokeSpecial(java.lang.Object, java.lang.Object, java.lang.Object, int)'> (0x00000000c4806588) 
thrown [s\src\hotspot\share\interpreter\linkResolver.cpp, line 784]
Event: 16.614 Thread 0x000001d854840810 Exception <a 'java/lang/NoSuchMethodError'{0x00000000c480a708}: 'java.lang.Object java.lang.invoke.DirectMethodHandle$Holder.invokeSpecial(java.lang.Object, java.lang.Object, java.lang.Object, java.lang.Object, int)'> (0x00000000c480a708) 
thrown [s\src\hotspot\share\interpreter\linkResolver.cpp, line 784]
Event: 16.615 Thread 0x000001d854840810 Exception <a 'java/lang/NoSuchMethodError'{0x00000000c480de50}: 'java.lang.Object java.lang.invoke.Invokers$Holder.linkToTargetMethod(java.lang.Object, java.lang.Object, int, java.lang.Object)'> (0x00000000c480de50) 
thrown [s\src\hotspot\share\interpreter\linkResolver.cpp, line 784]
Event: 17.118 Thread 0x000001d854840810 Exception <a 'java/lang/NoSuchMethodError'{0x00000000c3dfd7d0}: 'java.lang.Object java.lang.invoke.DirectMethodHandle$Holder.newInvokeSpecial(java.lang.Object, java.lang.Object, java.lang.Object, java.lang.Object, int)'> (0x00000000c3dfd7d0) 
thrown [s\src\hotspot\share\interpreter\linkResolver.cpp, line 784]
Event: 17.119 Thread 0x000001d854840810 Exception <a 'java/lang/NoSuchMethodError'{0x00000000c3c01dd0}: 'java.lang.Object java.lang.invoke.DirectMethodHandle$Holder.invokeSpecial(java.lang.Object, java.lang.Object, java.lang.Object, java.lang.Object, java.lang.Object, int)'> (0x00000000c3c01dd0) 
thrown [s\src\hotspot\share\interpreter\linkResolver.cpp, line 784]
Event: 17.119 Thread 0x000001d854840810 Exception <a 'java/lang/NoSuchMethodError'{0x00000000c3c05b00}: 'java.lang.Object java.lang.invoke.Invokers$Holder.linkToTargetMethod(java.lang.Object, java.lang.Object, java.lang.Object, int, java.lang.Object)'> (0x00000000c3c05b00) 
thrown [s\src\hotspot\share\interpreter\linkResolver.cpp, line 784]
Event: 17.280 Thread 0x000001d854840810 Exception <a 'java/lang/NoSuchMethodError'{0x00000000c38a2ce8}: 'java.lang.Object java.lang.invoke.DirectMethodHandle$Holder.newInvokeSpecial(java.lang.Object, java.lang.Object, java.lang.Object, java.lang.Object, int, java.lang.Object)'> (0x00000000c38a2ce8) 
thrown [s\src\hotspot\share\interpreter\linkResolver.cpp, line 784]
Event: 19.702 Thread 0x000001d854840810 Implicit null exception at 0x000001d8616ed863 to 0x000001d8616ed8f5
Event: 21.393 Thread 0x000001d854840810 Exception <a 'java/lang/NoSuchMethodError'{0x00000000c492ef10}: 'java.lang.Object java.lang.invoke.DirectMethodHandle$Holder.invokeSpecial(java.lang.Object, java.lang.Object, java.lang.Object, java.lang.Object, java.lang.Object, java.lang.Object, int)'> (0x00000000c492ef10) 
thrown [s\src\hotspot\share\interpreter\linkResolver.cpp, line 784]
Event: 21.397 Thread 0x000001d854840810 Exception <a 'java/lang/NoSuchMethodError'{0x00000000c4948878}: 'java.lang.Object java.lang.invoke.DirectMethodHandle$Holder.newInvokeSpecial(java.lang.Object, java.lang.Object, java.lang.Object, java.lang.Object, java.lang.Object, java.lang.Object, java.lang.Object, int, java.lang.Object)'> (0x00000000c4948878) 
thrown [s\src\hotspot\share\interpreter\linkResolver.cpp, line 784]
Event: 22.188 Thread 0x000001d854840810 Exception <a 'java/lang/NoSuchMethodError'{0x00000000c44e2658}: 'java.lang.Object java.lang.invoke.DirectMethodHandle$Holder.invokeStatic(java.lang.Object, int, java.lang.Object)'> (0x00000000c44e2658) 
thrown [s\src\hotspot\share\interpreter\linkResolver.cpp, line 784]

ZGC Phase Switch (0 events):
No events

VM Operations (20 events):
Event: 19.742 Executing VM operation: HandshakeAllThreads (Deoptimize)
Event: 19.742 Executing VM operation: HandshakeAllThreads (Deoptimize) done
Event: 19.744 Executing VM operation: HandshakeAllThreads (Deoptimize)
Event: 19.744 Executing VM operation: HandshakeAllThreads (Deoptimize) done
Event: 20.369 Executing VM operation: HandshakeAllThreads (Deoptimize)
Event: 20.369 Executing VM operation: HandshakeAllThreads (Deoptimize) done
Event: 20.458 Executing VM operation: ICBufferFull
Event: 20.458 Executing VM operation: ICBufferFull done
Event: 20.489 Executing VM operation: G1CollectForAllocation (G1 Evacuation Pause)
Event: 20.500 Executing VM operation: G1CollectForAllocation (G1 Evacuation Pause) done
Event: 20.585 Executing VM operation: HandshakeAllThreads (Deoptimize)
Event: 20.585 Executing VM operation: HandshakeAllThreads (Deoptimize) done
Event: 20.657 Executing VM operation: HandshakeAllThreads (Deoptimize)
Event: 20.657 Executing VM operation: HandshakeAllThreads (Deoptimize) done
Event: 20.794 Executing VM operation: ICBufferFull
Event: 20.794 Executing VM operation: ICBufferFull done
Event: 21.354 Executing VM operation: ICBufferFull
Event: 21.354 Executing VM operation: ICBufferFull done
Event: 22.047 Executing VM operation: ICBufferFull
Event: 22.047 Executing VM operation: ICBufferFull done

Memory protections (0 events):
No events

Nmethod flushes (20 events):
Event: 19.515 Thread 0x000001d85481abf0 flushing  nmethod 0x000001d859fea390
Event: 19.515 Thread 0x000001d85481abf0 flushing  nmethod 0x000001d859ff6f10
Event: 19.515 Thread 0x000001d85481abf0 flushing  nmethod 0x000001d859ff7690
Event: 19.515 Thread 0x000001d85481abf0 flushing  nmethod 0x000001d85a097590
Event: 19.515 Thread 0x000001d85481abf0 flushing  nmethod 0x000001d85a0b4f10
Event: 19.515 Thread 0x000001d85481abf0 flushing  nmethod 0x000001d85a0c0490
Event: 19.515 Thread 0x000001d85481abf0 flushing  nmethod 0x000001d85a0d1490
Event: 19.515 Thread 0x000001d85481abf0 flushing  nmethod 0x000001d85a0d3910
Event: 19.515 Thread 0x000001d85481abf0 flushing  nmethod 0x000001d85a0f8c10
Event: 19.515 Thread 0x000001d85481abf0 flushing  nmethod 0x000001d85a0f9110
Event: 19.515 Thread 0x000001d85481abf0 flushing  nmethod 0x000001d85a10d910
Event: 19.515 Thread 0x000001d85481abf0 flushing  nmethod 0x000001d85a10de10
Event: 19.515 Thread 0x000001d85481abf0 flushing  nmethod 0x000001d85a1b1d10
Event: 19.515 Thread 0x000001d85481abf0 flushing  nmethod 0x000001d85a230890
Event: 19.515 Thread 0x000001d85481abf0 flushing  nmethod 0x000001d85a232a90
Event: 19.515 Thread 0x000001d85481abf0 flushing  nmethod 0x000001d85a235c90
Event: 19.515 Thread 0x000001d85481abf0 flushing  nmethod 0x000001d85a264890
Event: 19.515 Thread 0x000001d85481abf0 flushing  nmethod 0x000001d85a265410
Event: 19.515 Thread 0x000001d85481abf0 flushing  nmethod 0x000001d85a26bb90
Event: 19.515 Thread 0x000001d85481abf0 flushing  nmethod 0x000001d85a26d810

Events (15 events):
Event: 0.026 Thread 0x000001d854840810 Thread added: 0x000001d854840810
Event: 0.112 Thread 0x000001d854840810 Thread added: 0x000001d86c37b040
Event: 0.112 Thread 0x000001d854840810 Thread added: 0x000001d86c37c230
Event: 0.114 Thread 0x000001d854840810 Thread added: 0x000001d86c395970
Event: 0.114 Thread 0x000001d854840810 Thread added: 0x000001d86c3963c0
Event: 0.114 Thread 0x000001d854840810 Thread added: 0x000001d86c3975b0
Event: 0.114 Thread 0x000001d854840810 Thread added: 0x000001d86c382bf0
Event: 0.115 Thread 0x000001d854840810 Thread added: 0x000001d86c389b10
Event: 0.115 Thread 0x000001d854840810 Thread added: 0x000001d86c38ad40
Event: 0.194 Thread 0x000001d854840810 Thread added: 0x000001d86c77fbb0
Event: 0.203 Thread 0x000001d854840810 Thread added: 0x000001d86c78d8f0
Event: 0.218 Loaded shared library C:\Program Files\Android\Android Studio\jbr\bin\net.dll
Event: 0.221 Loaded shared library C:\Program Files\Android\Android Studio\jbr\bin\nio.dll
Event: 0.287 Loaded shared library C:\Program Files\Android\Android Studio\jbr\bin\zip.dll
Event: 0.346 Loaded shared library C:\Program Files\Android\Android Studio\jbr\bin\jimage.dll


Dynamic libraries:
0x00007ff715760000 - 0x00007ff71576a000 	C:\Program Files\Android\Android Studio\jbr\bin\java.exe
0x00007ff9ed510000 - 0x00007ff9ed708000 	C:\Windows\SYSTEM32\ntdll.dll
0x00007ff9eb530000 - 0x00007ff9eb5f2000 	C:\Windows\System32\KERNEL32.DLL
0x00007ff9eaf20000 - 0x00007ff9eb216000 	C:\Windows\System32\KERNELBASE.dll
0x00007ff9ead00000 - 0x00007ff9eae00000 	C:\Windows\System32\ucrtbase.dll
0x00007ff9e5320000 - 0x00007ff9e5338000 	C:\Program Files\Android\Android Studio\jbr\bin\jli.dll
0x00007ff9e5260000 - 0x00007ff9e527b000 	C:\Program Files\Android\Android Studio\jbr\bin\VCRUNTIME140.dll
0x00007ff9ed2c0000 - 0x00007ff9ed45d000 	C:\Windows\System32\USER32.dll
0x00007ff9db3c0000 - 0x00007ff9db65a000 	C:\Windows\WinSxS\amd64_microsoft.windows.common-controls_6595b64144ccf1df_6.0.19041.4355_none_60b8b9eb71f62e16\COMCTL32.dll
0x00007ff9eb420000 - 0x00007ff9eb442000 	C:\Windows\System32\win32u.dll
0x00007ff9ed070000 - 0x00007ff9ed10e000 	C:\Windows\System32\msvcrt.dll
0x00007ff9eba90000 - 0x00007ff9ebabb000 	C:\Windows\System32\GDI32.dll
0x00007ff9eae00000 - 0x00007ff9eaf1a000 	C:\Windows\System32\gdi32full.dll
0x00007ff9eb220000 - 0x00007ff9eb2bd000 	C:\Windows\System32\msvcp_win.dll
0x00007ff9ebb50000 - 0x00007ff9ebb7f000 	C:\Windows\System32\IMM32.DLL
0x00007ff9e6e50000 - 0x00007ff9e6e5c000 	C:\Program Files\Android\Android Studio\jbr\bin\vcruntime140_1.dll
0x00007ff9d8a80000 - 0x00007ff9d8b0d000 	C:\Program Files\Android\Android Studio\jbr\bin\msvcp140.dll
0x00007ff99fa70000 - 0x00007ff9a06fa000 	C:\Program Files\Android\Android Studio\jbr\bin\server\jvm.dll
0x00007ff9ed120000 - 0x00007ff9ed1cf000 	C:\Windows\System32\ADVAPI32.dll
0x00007ff9ebda0000 - 0x00007ff9ebe3f000 	C:\Windows\System32\sechost.dll
0x00007ff9eb960000 - 0x00007ff9eba83000 	C:\Windows\System32\RPCRT4.dll
0x00007ff9eb500000 - 0x00007ff9eb527000 	C:\Windows\System32\bcrypt.dll
0x00007ff9ebb80000 - 0x00007ff9ebbeb000 	C:\Windows\System32\WS2_32.dll
0x00007ff9ea130000 - 0x00007ff9ea17b000 	C:\Windows\SYSTEM32\POWRPROF.dll
0x00007ff9e18f0000 - 0x00007ff9e1917000 	C:\Windows\SYSTEM32\WINMM.dll
0x00007ff9e2e00000 - 0x00007ff9e2e0a000 	C:\Windows\SYSTEM32\VERSION.dll
0x00007ff9e9fa0000 - 0x00007ff9e9fb2000 	C:\Windows\SYSTEM32\UMPDC.dll
0x00007ff9e93c0000 - 0x00007ff9e93d2000 	C:\Windows\SYSTEM32\kernel.appcore.dll
0x00007ff9e6da0000 - 0x00007ff9e6daa000 	C:\Program Files\Android\Android Studio\jbr\bin\jimage.dll
0x00007ff9d7300000 - 0x00007ff9d74e4000 	C:\Windows\SYSTEM32\DBGHELP.DLL
0x00007ff9cff40000 - 0x00007ff9cff74000 	C:\Windows\SYSTEM32\dbgcore.DLL
0x00007ff9eac20000 - 0x00007ff9eaca2000 	C:\Windows\System32\bcryptPrimitives.dll
0x00007ff9de620000 - 0x00007ff9de640000 	C:\Program Files\Android\Android Studio\jbr\bin\java.dll
0x00007ff9de580000 - 0x00007ff9de598000 	C:\Program Files\Android\Android Studio\jbr\bin\zip.dll
0x00007ff9ec620000 - 0x00007ff9ecd8f000 	C:\Windows\System32\SHELL32.dll
0x00007ff9e85d0000 - 0x00007ff9e8d73000 	C:\Windows\SYSTEM32\windows.storage.dll
0x00007ff9ec2c0000 - 0x00007ff9ec615000 	C:\Windows\System32\combase.dll
0x00007ff9ea5d0000 - 0x00007ff9ea5fb000 	C:\Windows\SYSTEM32\Wldp.dll
0x00007ff9eb720000 - 0x00007ff9eb7ed000 	C:\Windows\System32\OLEAUT32.dll
0x00007ff9eb7f0000 - 0x00007ff9eb89d000 	C:\Windows\System32\SHCORE.dll
0x00007ff9ebbf0000 - 0x00007ff9ebc45000 	C:\Windows\System32\shlwapi.dll
0x00007ff9eaad0000 - 0x00007ff9eaaf5000 	C:\Windows\SYSTEM32\profapi.dll
0x00007ff9e6bd0000 - 0x00007ff9e6be0000 	C:\Program Files\Android\Android Studio\jbr\bin\net.dll
0x00007ff9df930000 - 0x00007ff9dfa3a000 	C:\Windows\SYSTEM32\WINHTTP.dll
0x00007ff9ea330000 - 0x00007ff9ea39c000 	C:\Windows\system32\mswsock.dll
0x00007ff9de3c0000 - 0x00007ff9de3d6000 	C:\Program Files\Android\Android Studio\jbr\bin\nio.dll
0x00007ff9de320000 - 0x00007ff9de330000 	C:\Program Files\Android\Android Studio\jbr\bin\verify.dll

dbghelp: loaded successfully - version: 4.0.5 - missing functions: none
symbol engine: initialized successfully - sym options: 0x614 - pdb path: .;C:\Program Files\Android\Android Studio\jbr\bin;C:\Windows\SYSTEM32;C:\Windows\WinSxS\amd64_microsoft.windows.common-controls_6595b64144ccf1df_6.0.19041.4355_none_60b8b9eb71f62e16;C:\Program Files\Android\Android Studio\jbr\bin\server

VM Arguments:
java_command: org.jetbrains.kotlin.cli.jvm.K2JVMCompiler @C:\Users\DELL\AndroidStudioProjects\SENAC-PE-ProjetoPI-Grupo4\app\build\20250501_5954075850729149043.compiler.options
java_class_path (initial): C:\Users\DELL\.gradle\caches\modules-2\files-2.1\org.jetbrains.kotlin\kotlin-compiler-embeddable\2.0.21\79346ed53db48b18312a472602eb5c057070c54d\kotlin-compiler-embeddable-2.0.21.jar;C:\Users\DELL\.gradle\caches\modules-2\files-2.1\org.jetbrains.kotlin\kotlin-stdlib\2.0.21\618b539767b4899b4660a83006e052b63f1db551\kotlin-stdlib-2.0.21.jar;C:\Users\DELL\.gradle\caches\modules-2\files-2.1\org.jetbrains.kotlin\kotlin-script-runtime\2.0.21\c9b044380ad41f89aa89aa896c2d32a8c0b2129d\kotlin-script-runtime-2.0.21.jar;C:\Users\DELL\.gradle\caches\modules-2\files-2.1\org.jetbrains.kotlin\kotlin-reflect\1.6.10\1cbe9c92c12a94eea200d23c2bbaedaf3daf5132\kotlin-reflect-1.6.10.jar;C:\Users\DELL\.gradle\caches\modules-2\files-2.1\org.jetbrains.kotlin\kotlin-daemon-embeddable\2.0.21\c9e933b23287de9b5a17e2116b4657bb91aea72c\kotlin-daemon-embeddable-2.0.21.jar;C:\Users\DELL\.gradle\caches\modules-2\files-2.1\org.jetbrains.intellij.deps\trove4j\1.0.20200330\3afb14d5f9ceb459d724e907a21145e8ff394f02\trove4j-1.0.20200330.jar;C:\Users\DELL\.gradle\caches\modules-2\files-2.1\org.jetbrains.kotlinx\kotlinx-coroutines-core-jvm\1.6.4\2c997cd1c0ef33f3e751d3831929aeff1390cb30\kotlinx-coroutines-core-jvm-1.6.4.jar;C:\Users\DELL\.gradle\caches\modules-2\files-2.1\org.jetbrains\annotations\13.0\919f0dfe192fb4e063e7dacadee7f8bb9a2672a9\annotations-13.0.jar
Launcher Type: SUN_STANDARD

[Global flags]
     intx CICompilerCount                          = 3                                         {product} {ergonomic}
     uint ConcGCThreads                            = 1                                         {product} {ergonomic}
     uint G1ConcRefinementThreads                  = 4                                         {product} {ergonomic}
   size_t G1HeapRegionSize                         = 1048576                                   {product} {ergonomic}
    uintx GCDrainStackTargetSize                   = 64                                        {product} {ergonomic}
   size_t InitialHeapSize                          = 67108864                                  {product} {ergonomic}
   size_t MarkStackSize                            = 4194304                                   {product} {ergonomic}
   size_t MaxHeapSize                              = 1050673152                                {product} {ergonomic}
   size_t MaxNewSize                               = 630194176                                 {product} {ergonomic}
   size_t MinHeapDeltaBytes                        = 1048576                                   {product} {ergonomic}
   size_t MinHeapSize                              = 8388608                                   {product} {ergonomic}
    uintx NonNMethodCodeHeapSize                   = 5832780                                {pd product} {ergonomic}
    uintx NonProfiledCodeHeapSize                  = 122912730                              {pd product} {ergonomic}
    uintx ProfiledCodeHeapSize                     = 122912730                              {pd product} {ergonomic}
    uintx ReservedCodeCacheSize                    = 251658240                              {pd product} {ergonomic}
     bool SegmentedCodeCache                       = true                                      {product} {ergonomic}
   size_t SoftMaxHeapSize                          = 1050673152                             {manageable} {ergonomic}
     bool UseCompressedOops                        = true                           {product lp64_product} {ergonomic}
     bool UseG1GC                                  = true                                      {product} {ergonomic}
     bool UseLargePagesIndividualAllocation        = false                                  {pd product} {ergonomic}

Logging:
Log output configuration:
 #0: stdout all=warning uptime,level,tags foldmultilines=false
 #1: stderr all=off uptime,level,tags foldmultilines=false

Environment Variables:
PATH=C:\Program Files (x86)\Common Files\Oracle\Java\java8path;C:\Program Files (x86)\Common Files\Oracle\Java\javapath;C:\Windows\system32;C:\Windows;C:\Windows\System32\Wbem;C:\Windows\System32\WindowsPowerShell\v1.0\;C:\Windows\System32\OpenSSH\;C:\Program Files\Git\cmd;C:\Program Files\dotnet\;C:\Program Files (x86)\NVIDIA Corporation\PhysX\Common;C:\Users\DELL\AppData\Local\Microsoft\WindowsApps;C:\Users\DELL\AppData\Local\Programs\Microsoft VS Code\bin;C:\Program Files\Git\bin;C:\Program Files\Git\cmd;C:\Users\DELL\AppData\Local\GitHubDesktop\bin
USERNAME=DELL
OS=Windows_NT
PROCESSOR_IDENTIFIER=Intel64 Family 6 Model 69 Stepping 1, GenuineIntel
TMP=C:\Users\DELL\AppData\Local\Temp
TEMP=C:\Users\DELL\AppData\Local\Temp




Periodic native trim disabled

JNI global refs:
JNI global refs: 7, weak refs: 2

JNI global refs memory usage: 835, weak refs: 833

Process memory usage:
Resident Set Size: 192540K (4% of 4097100K total physical memory with 198384K free physical memory)

OOME stack traces (most recent first):
Classloader memory used:
Loader jdk.internal.loader.ClassLoaders$AppClassLoader                                 : 46128K
Loader bootstrap                                                                       : 12918K
Loader java.net.URLClassLoader                                                         : 289K
Loader jdk.internal.loader.ClassLoaders$PlatformClassLoader                            : 19376B

---------------  S Y S T E M  ---------------

OS:
 Windows 10 , 64 bit Build 19041 (10.0.19041.5678)
OS uptime: 6 days 1:27 hours

CPU: total 4 (initial active 4) (2 cores per cpu, 2 threads per core) family 6 model 69 stepping 1 microcode 0x25, cx8, cmov, fxsr, ht, mmx, sse, sse2, sse3, ssse3, sse4.1, sse4.2, popcnt, lzcnt, tsc, tscinvbit, avx, avx2, aes, erms, clmul, bmi1, bmi2, fma, vzeroupper, clflush, rdtscp, f16c
Processor Information for all 4 processors :
  Max Mhz: 2401, Current Mhz: 1700, Mhz Limit: 1680

Memory: 4k page, system-wide physical 4001M (193M free)
TotalPageFile size 16289M (AvailPageFile size 5M)
current process WorkingSet (physical memory assigned to process): 188M, peak: 199M
current process commit charge ("private bytes"): 239M, peak: 242M

vm_info: OpenJDK 64-Bit Server VM (21.0.5+-12932927-b750.29) for windows-amd64 JRE (21.0.5+-12932927-b750.29), built on 2025-01-17T02:01:10Z by "builder" with MS VC++ 16.10 / 16.11 (VS2019)

END.
